# JRE version: Java(TM) SE Runtime Environment (8.0_211-b12) (build 1.8.0_211-b12)
# Java VM: Java HotSpot(TM) 64-Bit Server VM (25.211-b12 mixed mode windows-amd64 compressed oops)
Heap:
 PSYoungGen      total 200704K, used 107947K [0x00000000ead80000, 0x00000000f7a80000, 0x0000000100000000)
  eden space 191488K, 56% used [0x00000000ead80000,0x00000000f16eaf98,0x00000000f6880000)
  from space 9216K, 0% used [0x00000000f6880000,0x00000000f6880000,0x00000000f7180000)
  to   space 7680K, 0% used [0x00000000f7300000,0x00000000f7300000,0x00000000f7a80000)
 ParOldGen       total 31744K, used 20984K [0x00000000c0800000, 0x00000000c2700000, 0x00000000ead80000)
  object space 31744K, 66% used [0x00000000c0800000,0x00000000c1c7e348,0x00000000c2700000)
 Metaspace       used 37559K, capacity 39574K, committed 39936K, reserved 1083392K
  class space    used 5130K, capacity 5508K, committed 5632K, reserved 1048576K
GC Heap History (10 events):
Event: 10.468 GC heap before
{Heap before GC invocations=9 (full 1):
 PSYoungGen      total 137728K, used 5390K [0x00000000ead80000, 0x00000000f3a80000, 0x0000000100000000)
  eden space 131072K, 0% used [0x00000000ead80000,0x00000000ead80000,0x00000000f2d80000)
  from space 6656K, 80% used [0x00000000f3400000,0x00000000f3943bb8,0x00000000f3a80000)
  to   space 6656K, 0% used [0x00000000f2d80000,0x00000000f2d80000,0x00000000f3400000)
 ParOldGen       total 44032K, used 10325K [0x00000000c0800000, 0x00000000c3300000, 0x00000000ead80000)
  object space 44032K, 23% used [0x00000000c0800000,0x00000000c1215438,0x00000000c3300000)
 Metaspace       used 20501K, capacity 21196K, committed 21296K, reserved 1067008K
  class space    used 2690K, capacity 2877K, committed 2944K, reserved 1048576K
Event: 10.530 GC heap after
Heap after GC invocations=9 (full 1):
 PSYoungGen      total 137728K, used 0K [0x00000000ead80000, 0x00000000f3a80000, 0x0000000100000000)
  eden space 131072K, 0% used [0x00000000ead80000,0x00000000ead80000,0x00000000f2d80000)
  from space 6656K, 0% used [0x00000000f3400000,0x00000000f3400000,0x00000000f3a80000)
  to   space 6656K, 0% used [0x00000000f2d80000,0x00000000f2d80000,0x00000000f3400000)
 ParOldGen       total 31744K, used 8271K [0x00000000c0800000, 0x00000000c2700000, 0x00000000ead80000)
  object space 31744K, 26% used [0x00000000c0800000,0x00000000c1013f68,0x00000000c2700000)
 Metaspace       used 20499K, capacity 21190K, committed 21296K, reserved 1067008K
  class space    used 2689K, capacity 2876K, committed 2944K, reserved 1048576K
}
Event: 13.540 GC heap before
{Heap before GC invocations=10 (full 1):
 PSYoungGen      total 137728K, used 131072K [0x00000000ead80000, 0x00000000f3a80000, 0x0000000100000000)
  eden space 131072K, 100% used [0x00000000ead80000,0x00000000f2d80000,0x00000000f2d80000)
  from space 6656K, 0% used [0x00000000f3400000,0x00000000f3400000,0x00000000f3a80000)
  to   space 6656K, 0% used [0x00000000f2d80000,0x00000000f2d80000,0x00000000f3400000)
 ParOldGen       total 31744K, used 8271K [0x00000000c0800000, 0x00000000c2700000, 0x00000000ead80000)
  object space 31744K, 26% used [0x00000000c0800000,0x00000000c1013f68,0x00000000c2700000)
 Metaspace       used 24792K, capacity 25816K, committed 26112K, reserved 1071104K
  class space    used 3299K, capacity 3523K, committed 3584K, reserved 1048576K
Event: 13.561 GC heap after
Heap after GC invocations=10 (full 1):
 PSYoungGen      total 137728K, used 6631K [0x00000000ead80000, 0x00000000f7a80000, 0x0000000100000000)
  eden space 131072K, 0% used [0x00000000ead80000,0x00000000ead80000,0x00000000f2d80000)
  from space 6656K, 99% used [0x00000000f2d80000,0x00000000f33f9f78,0x00000000f3400000)
  to   space 7680K, 0% used [0x00000000f7300000,0x00000000f7300000,0x00000000f7a80000)
 ParOldGen       total 31744K, used 8940K [0x00000000c0800000, 0x00000000c2700000, 0x00000000ead80000)
  object space 31744K, 28% used [0x00000000c0800000,0x00000000c10bb3a0,0x00000000c2700000)
 Metaspace       used 24792K, capacity 25816K, committed 26112K, reserved 1071104K
  class space    used 3299K, capacity 3523K, committed 3584K, reserved 1048576K
}
Event: 17.551 GC heap before
{Heap before GC invocations=11 (full 1):
 PSYoungGen      total 137728K, used 137703K [0x00000000ead80000, 0x00000000f7a80000, 0x0000000100000000)
  eden space 131072K, 100% used [0x00000000ead80000,0x00000000f2d80000,0x00000000f2d80000)
  from space 6656K, 99% used [0x00000000f2d80000,0x00000000f33f9f78,0x00000000f3400000)
  to   space 7680K, 0% used [0x00000000f7300000,0x00000000f7300000,0x00000000f7a80000)
 ParOldGen       total 31744K, used 8940K [0x00000000c0800000, 0x00000000c2700000, 0x00000000ead80000)
  object space 31744K, 28% used [0x00000000c0800000,0x00000000c10bb3a0,0x00000000c2700000)
 Metaspace       used 27461K, capacity 28602K, committed 28928K, reserved 1075200K
  class space    used 3743K, capacity 3982K, committed 4096K, reserved 1048576K
Event: 17.567 GC heap after
Heap after GC invocations=11 (full 1):
 PSYoungGen      total 199168K, used 7670K [0x00000000ead80000, 0x00000000f7a80000, 0x0000000100000000)
  eden space 191488K, 0% used [0x00000000ead80000,0x00000000ead80000,0x00000000f6880000)
  from space 7680K, 99% used [0x00000000f7300000,0x00000000f7a7d948,0x00000000f7a80000)
  to   space 9216K, 0% used [0x00000000f6880000,0x00000000f6880000,0x00000000f7180000)
 ParOldGen       total 31744K, used 10387K [0x00000000c0800000, 0x00000000c2700000, 0x00000000ead80000)
  object space 31744K, 32% used [0x00000000c0800000,0x00000000c1224c48,0x00000000c2700000)
 Metaspace       used 27461K, capacity 28602K, committed 28928K, reserved 1075200K
  class space    used 3743K, capacity 3982K, committed 4096K, reserved 1048576K
}
Event: 20.495 GC heap before
{Heap before GC invocations=12 (full 1):
 PSYoungGen      total 199168K, used 177673K [0x00000000ead80000, 0x00000000f7a80000, 0x0000000100000000)
  eden space 191488K, 88% used [0x00000000ead80000,0x00000000f5384ca8,0x00000000f6880000)
  from space 7680K, 99% used [0x00000000f7300000,0x00000000f7a7d948,0x00000000f7a80000)
  to   space 9216K, 0% used [0x00000000f6880000,0x00000000f6880000,0x00000000f7180000)
 ParOldGen       total 31744K, used 10387K [0x00000000c0800000, 0x00000000c2700000, 0x00000000ead80000)
  object space 31744K, 32% used [0x00000000c0800000,0x00000000c1224c48,0x00000000c2700000)
 Metaspace       used 33517K, capacity 35372K, committed 35496K, reserved 1079296K
  class space    used 4516K, capacity 4859K, committed 4864K, reserved 1048576K
Event: 20.527 GC heap after
Heap after GC invocations=12 (full 1):
 PSYoungGen      total 200704K, used 9199K [0x00000000ead80000, 0x00000000f7a80000, 0x0000000100000000)
  eden space 191488K, 0% used [0x00000000ead80000,0x00000000ead80000,0x00000000f6880000)
  from space 9216K, 99% used [0x00000000f6880000,0x00000000f717bf10,0x00000000f7180000)
  to   space 7680K, 0% used [0x00000000f7300000,0x00000000f7300000,0x00000000f7a80000)
 ParOldGen       total 31744K, used 17227K [0x00000000c0800000, 0x00000000c2700000, 0x00000000ead80000)
  object space 31744K, 54% used [0x00000000c0800000,0x00000000c18d2cc8,0x00000000c2700000)
 Metaspace       used 33517K, capacity 35372K, committed 35496K, reserved 1079296K
  class space    used 4516K, capacity 4859K, committed 4864K, reserved 1048576K
}
Event: 20.527 GC heap before
{Heap before GC invocations=13 (full 2):
 PSYoungGen      total 200704K, used 9199K [0x00000000ead80000, 0x00000000f7a80000, 0x0000000100000000)
  eden space 191488K, 0% used [0x00000000ead80000,0x00000000ead80000,0x00000000f6880000)
  from space 9216K, 99% used [0x00000000f6880000,0x00000000f717bf10,0x00000000f7180000)
  to   space 7680K, 0% used [0x00000000f7300000,0x00000000f7300000,0x00000000f7a80000)
 ParOldGen       total 31744K, used 17227K [0x00000000c0800000, 0x00000000c2700000, 0x00000000ead80000)
  object space 31744K, 54% used [0x00000000c0800000,0x00000000c18d2cc8,0x00000000c2700000)
 Metaspace       used 33517K, capacity 35372K, committed 35496K, reserved 1079296K
  class space    used 4516K, capacity 4859K, committed 4864K, reserved 1048576K
Event: 20.644 GC heap after
Heap after GC invocations=13 (full 2):
 PSYoungGen      total 200704K, used 0K [0x00000000ead80000, 0x00000000f7a80000, 0x0000000100000000)
  eden space 191488K, 0% used [0x00000000ead80000,0x00000000ead80000,0x00000000f6880000)
  from space 9216K, 0% used [0x00000000f6880000,0x00000000f6880000,0x00000000f7180000)
  to   space 7680K, 0% used [0x00000000f7300000,0x00000000f7300000,0x00000000f7a80000)
 ParOldGen       total 31744K, used 20984K [0x00000000c0800000, 0x00000000c2700000, 0x00000000ead80000)
  object space 31744K, 66% used [0x00000000c0800000,0x00000000c1c7e348,0x00000000c2700000)
 Metaspace       used 33517K, capacity 35372K, committed 35496K, reserved 1079296K
  class space    used 4516K, capacity 4859K, committed 4864K, reserved 1048576K
}

